Using pre-set license
Built from '2021.3/china_unity/release' branch; Version is '2021.3.44f1c1 (0c301d0bd4e3) revision 798749'; Using compiler version '192829333'; Build Type 'Release'
OS: 'Windows 10  (10.0.19044) 64bit Professional' Language: 'zh' Physical Memory: 65375 MB
BatchMode: 1, IsHumanControllingUs: 0, StartBugReporterOnCrash: 0, Is64bit: 1, IsPro: 1

COMMAND LINE ARGUMENTS:
C:\Program Files\Unity\Hub\Editor\2021.3.44f1c1\Editor\Unity.exe
-adb2
-batchMode
-noUpm
-name
AssetImportWorker9
-projectPath
D:/Unity/TwistTheTunnel
-logFile
Logs/AssetImportWorker9.log
-srvPort
55507
Successfully changed project path to: D:/Unity/TwistTheTunnel
D:/Unity/TwistTheTunnel
[UnityMemory] Configuration Parameters - Can be set up in boot.config
    "memorysetup-bucket-allocator-granularity=16"
    "memorysetup-bucket-allocator-bucket-count=8"
    "memorysetup-bucket-allocator-block-size=33554432"
    "memorysetup-bucket-allocator-block-count=8"
    "memorysetup-main-allocator-block-size=16777216"
    "memorysetup-thread-allocator-block-size=16777216"
    "memorysetup-gfx-main-allocator-block-size=16777216"
    "memorysetup-gfx-thread-allocator-block-size=16777216"
    "memorysetup-cache-allocator-block-size=4194304"
    "memorysetup-typetree-allocator-block-size=2097152"
    "memorysetup-profiler-bucket-allocator-granularity=16"
    "memorysetup-profiler-bucket-allocator-bucket-count=8"
    "memorysetup-profiler-bucket-allocator-block-size=33554432"
    "memorysetup-profiler-bucket-allocator-block-count=8"
    "memorysetup-profiler-allocator-block-size=16777216"
    "memorysetup-profiler-editor-allocator-block-size=1048576"
    "memorysetup-temp-allocator-size-main=16777216"
    "memorysetup-job-temp-allocator-block-size=2097152"
    "memorysetup-job-temp-allocator-block-size-background=1048576"
    "memorysetup-job-temp-allocator-reduction-small-platforms=262144"
    "memorysetup-temp-allocator-size-background-worker=32768"
    "memorysetup-temp-allocator-size-job-worker=262144"
    "memorysetup-temp-allocator-size-preload-manager=33554432"
    "memorysetup-temp-allocator-size-nav-mesh-worker=65536"
    "memorysetup-temp-allocator-size-audio-worker=65536"
    "memorysetup-temp-allocator-size-cloud-worker=32768"
    "memorysetup-temp-allocator-size-gi-baking-worker=262144"
    "memorysetup-temp-allocator-size-gfx=262144"
Player connection [12300] Host "[IP] 192.168.31.197 [Port] 0 [Flags] 2 [Guid] 2638294958 [EditorId] 2638294958 [Version] 1048832 [Id] WindowsEditor(7,DS-202405191929) [Debug] 1 [PackageName] WindowsEditor [ProjectName] Editor" joined multi-casting on [225.0.0.222:54997]...

Player connection [12300] Host "[IP] 192.168.31.197 [Port] 0 [Flags] 2 [Guid] 2638294958 [EditorId] 2638294958 [Version] 1048832 [Id] WindowsEditor(7,DS-202405191929) [Debug] 1 [PackageName] WindowsEditor [ProjectName] Editor" joined alternative multi-casting on [225.0.0.222:34997]...

AS: AutoStreaming module initializing.
[Physics::Module] Initialized MultithreadedJobDispatcher with {0} workers.
Refreshing native plugins compatible for Editor in 136.75 ms, found 3 plugins.
Preloading 0 native plugins for Editor in 0.00 ms.
Initialize engine version: 2021.3.44f1c1 (0c301d0bd4e3)
[Subsystems] Discovering subsystems at path C:/Program Files/Unity/Hub/Editor/2021.3.44f1c1/Editor/Data/Resources/UnitySubsystems
[Subsystems] Discovering subsystems at path D:/Unity/TwistTheTunnel/Assets
GfxDevice: creating device client; threaded=0; jobified=0
Direct3D:
    Version:  Direct3D 11.0 [level 11.1]
    Renderer: NVIDIA GeForce RTX 2060 (ID=0x1f08)
    Vendor:   NVIDIA
    VRAM:     5969 MB
    Driver:   31.0.15.4629
Initialize mono
Mono path[0] = 'C:/Program Files/Unity/Hub/Editor/2021.3.44f1c1/Editor/Data/Managed'
Mono path[1] = 'C:/Program Files/Unity/Hub/Editor/2021.3.44f1c1/Editor/Data/MonoBleedingEdge/lib/mono/unityjit-win32'
Mono config path = 'C:/Program Files/Unity/Hub/Editor/2021.3.44f1c1/Editor/Data/MonoBleedingEdge/etc'
Using monoOptions --debugger-agent=transport=dt_socket,embedding=1,server=y,suspend=n,address=127.0.0.1:56516
Begin MonoManager ReloadAssembly
Registering precompiled unity dll's ...
Register platform support module: C:/Program Files/Unity/Hub/Editor/2021.3.44f1c1/Editor/Data/PlaybackEngines/WebGLSupport/UnityEditor.WebGL.Extensions.dll
Register platform support module: C:/Program Files/Unity/Hub/Editor/2021.3.44f1c1/Editor/Data/PlaybackEngines/AndroidPlayer/UnityEditor.Android.Extensions.dll
Register platform support module: C:/Program Files/Unity/Hub/Editor/2021.3.44f1c1/Editor/Data/PlaybackEngines/iOSSupport/UnityEditor.iOS.Extensions.dll
Register platform support module: C:/Program Files/Unity/Hub/Editor/2021.3.44f1c1/Editor/Data/PlaybackEngines/WindowsStandaloneSupport/UnityEditor.WindowsStandalone.Extensions.dll
Registered in 0.013188 seconds.
Native extension for WindowsStandalone target not found
[usbmuxd] Start listen thread
[usbmuxd] Listen thread started
Native extension for iOS target not found
Native extension for Android target not found
Android Extension - Scanning For ADB Devices 350 ms
Native extension for WebGL target not found
Refreshing native plugins compatible for Editor in 124.59 ms, found 3 plugins.
Preloading 0 native plugins for Editor in 0.00 ms.
Mono: successfully reloaded assembly
- Completed reload, in  1.368 seconds
Domain Reload Profiling:
	ReloadAssembly (1369ms)
		BeginReloadAssembly (151ms)
			ExecutionOrderSort (0ms)
			DisableScriptedObjects (0ms)
			BackupInstance (0ms)
			ReleaseScriptingObjects (0ms)
			CreateAndSetChildDomain (1ms)
		EndReloadAssembly (1071ms)
			LoadAssemblies (146ms)
			RebuildTransferFunctionScriptingTraits (0ms)
			SetupTypeCache (161ms)
			ReleaseScriptCaches (0ms)
			RebuildScriptCaches (37ms)
			SetupLoadedEditorAssemblies (810ms)
				LogAssemblyErrors (0ms)
				InitializePlatformSupportModulesInManaged (466ms)
				SetLoadedEditorAssemblies (0ms)
				RefreshPlugins (125ms)
				BeforeProcessingInitializeOnLoad (2ms)
				ProcessInitializeOnLoadAttributes (152ms)
				ProcessInitializeOnLoadMethodAttributes (64ms)
				AfterProcessingInitializeOnLoad (0ms)
				EditorAssembliesLoaded (0ms)
			ExecutionOrderSort2 (0ms)
			AwakeInstancesAfterBackupRestoration (0ms)
Platform modules already initialized, skipping
Registering precompiled user dll's ...
Registered in 0.013194 seconds.
Begin MonoManager ReloadAssembly
Symbol file LoadedFromMemory is not a mono symbol file
Native extension for WindowsStandalone target not found
Native extension for iOS target not found
Native extension for Android target not found
Native extension for WebGL target not found
Refreshing native plugins compatible for Editor in 1.48 ms, found 3 plugins.
Preloading 0 native plugins for Editor in 0.00 ms.
Package Manager log level set to [2]
[Package Manager] Server::EnsureServerProcessIsRunning -- launch failed, reason: Unity was launched with the -noUpm command-line argument
[Package Manager] Cannot connect to Unity Package Manager local server
Mono: successfully reloaded assembly
- Completed reload, in  2.175 seconds
Domain Reload Profiling:
	ReloadAssembly (2176ms)
		BeginReloadAssembly (187ms)
			ExecutionOrderSort (0ms)
			DisableScriptedObjects (8ms)
			BackupInstance (0ms)
			ReleaseScriptingObjects (0ms)
			CreateAndSetChildDomain (30ms)
		EndReloadAssembly (1826ms)
			LoadAssemblies (149ms)
			RebuildTransferFunctionScriptingTraits (0ms)
			SetupTypeCache (419ms)
			ReleaseScriptCaches (1ms)
			RebuildScriptCaches (80ms)
			SetupLoadedEditorAssemblies (1150ms)
				LogAssemblyErrors (0ms)
				InitializePlatformSupportModulesInManaged (37ms)
				SetLoadedEditorAssemblies (1ms)
				RefreshPlugins (2ms)
				BeforeProcessingInitializeOnLoad (111ms)
				ProcessInitializeOnLoadAttributes (807ms)
				ProcessInitializeOnLoadMethodAttributes (176ms)
				AfterProcessingInitializeOnLoad (15ms)
				EditorAssembliesLoaded (0ms)
			ExecutionOrderSort2 (0ms)
			AwakeInstancesAfterBackupRestoration (7ms)
Platform modules already initialized, skipping
========================================================================
Worker process is ready to serve import requests
Launched and connected shader compiler UnityShaderCompiler.exe after 0.08 seconds
Refreshing native plugins compatible for Editor in 1.69 ms, found 3 plugins.
Preloading 0 native plugins for Editor in 0.00 ms.
Unloading 4187 Unused Serialized files (Serialized files now loaded: 0)
Unloading 59 unused Assets / (47.5 KB). Loaded Objects now: 4626.
Memory consumption went from 144.3 MB to 144.3 MB.
Total: 8.362300 ms (FindLiveObjects: 0.432800 ms CreateObjectMapping: 0.253100 ms MarkObjects: 7.583200 ms  DeleteObjects: 0.092000 ms)

AssetImportParameters requested are different than current active one (requested -> active):
  custom:video-decoder-ogg-theora: a1e56fd34408186e4bbccfd4996cb3dc -> 
  custom:container-muxer-webm: aa71ff27fc2769a1b78a27578f13a17b -> 
  custom:container-demuxer-webm: 4f35f7cbe854078d1ac9338744f61a02 -> 
  custom:video-encoder-webm-vp8: eb34c28f22e8b96e1ab97ce403110664 -> 
  custom:CustomObjectIndexerAttribute: bc11b3a6c3213fcdd17b65e7da85e133 -> 
  custom:audio-encoder-webm-vorbis: bf7c407c2cedff20999df2af8eb42d56 -> 
  custom:framework-win-MediaFoundation: 216162199b28c13a410421893ffa2e32 -> 
  custom:SearchIndexIgnoredProperties: e643bd26f0fe6173181afceb89e7c659 -> 
  custom:container-demuxer-ogg: 62fdf1f143b41e24485cea50d1cbac27 -> 
  custom:video-decoder-webm-vp8: 9c59270c3fd7afecdb556c50c9e8de78 -> 
  custom:audio-decoder-ogg-vorbis: bf7c407c2cedff20999df2af8eb42d56 -> 
========================================================================
Received Import Request.
  Time since last request: 5844.851170 seconds.
  path: Assets/_FD/Sprite/UserInterfaces/Other/ExpIcon.png
  artifactKey: Guid(21f8d549ab35fbe4a9e609430d197d30) Importer(815301076,1909f56bfc062723c751e8b465ee728b)
Number of updated assets reloaded before import = 0
Start importing Assets/_FD/Sprite/UserInterfaces/Other/ExpIcon.png using Guid(21f8d549ab35fbe4a9e609430d197d30) Importer(815301076,1909f56bfc062723c751e8b465ee728b)  -> (artifact id: '552ec72a99b3acf43aced8ee62dd812c') in 0.187856 seconds 
Number of asset objects unloaded after import = 3
========================================================================
Received Prepare
Registering precompiled user dll's ...
Registered in 0.014604 seconds.
Begin MonoManager ReloadAssembly
Symbol file LoadedFromMemory is not a mono symbol file
Native extension for WindowsStandalone target not found
Native extension for iOS target not found
Native extension for Android target not found
Native extension for WebGL target not found
Refreshing native plugins compatible for Editor in 1.40 ms, found 3 plugins.
Preloading 0 native plugins for Editor in 0.00 ms.
[Package Manager] Server::EnsureServerProcessIsRunning -- launch failed, reason: Unity was launched with the -noUpm command-line argument
[Package Manager] Cannot connect to Unity Package Manager local server
Mono: successfully reloaded assembly
- Completed reload, in  2.126 seconds
Domain Reload Profiling:
	ReloadAssembly (2127ms)
		BeginReloadAssembly (250ms)
			ExecutionOrderSort (0ms)
			DisableScriptedObjects (9ms)
			BackupInstance (0ms)
			ReleaseScriptingObjects (0ms)
			CreateAndSetChildDomain (73ms)
		EndReloadAssembly (1733ms)
			LoadAssemblies (149ms)
			RebuildTransferFunctionScriptingTraits (0ms)
			SetupTypeCache (447ms)
			ReleaseScriptCaches (2ms)
			RebuildScriptCaches (58ms)
			SetupLoadedEditorAssemblies (1048ms)
				LogAssemblyErrors (0ms)
				InitializePlatformSupportModulesInManaged (37ms)
				SetLoadedEditorAssemblies (1ms)
				RefreshPlugins (1ms)
				BeforeProcessingInitializeOnLoad (89ms)
				ProcessInitializeOnLoadAttributes (721ms)
				ProcessInitializeOnLoadMethodAttributes (182ms)
				AfterProcessingInitializeOnLoad (15ms)
				EditorAssembliesLoaded (0ms)
			ExecutionOrderSort2 (0ms)
			AwakeInstancesAfterBackupRestoration (8ms)
Platform modules already initialized, skipping
Refreshing native plugins compatible for Editor in 1.83 ms, found 3 plugins.
Preloading 0 native plugins for Editor in 0.00 ms.
Unloading 4167 Unused Serialized files (Serialized files now loaded: 0)
Unloading 50 unused Assets / (22.9 KB). Loaded Objects now: 4635.
Memory consumption went from 146.7 MB to 146.7 MB.
Total: 8.194400 ms (FindLiveObjects: 0.431500 ms CreateObjectMapping: 0.240000 ms MarkObjects: 7.480600 ms  DeleteObjects: 0.041400 ms)

AssetImportParameters requested are different than current active one (requested -> active):
  custom:video-decoder-ogg-theora: a1e56fd34408186e4bbccfd4996cb3dc -> 
  custom:container-muxer-webm: aa71ff27fc2769a1b78a27578f13a17b -> 
  custom:container-demuxer-webm: 4f35f7cbe854078d1ac9338744f61a02 -> 
  custom:video-encoder-webm-vp8: eb34c28f22e8b96e1ab97ce403110664 -> 
  custom:CustomObjectIndexerAttribute: bc11b3a6c3213fcdd17b65e7da85e133 -> 
  custom:audio-encoder-webm-vorbis: bf7c407c2cedff20999df2af8eb42d56 -> 
  custom:framework-win-MediaFoundation: 216162199b28c13a410421893ffa2e32 -> 
  custom:SearchIndexIgnoredProperties: e643bd26f0fe6173181afceb89e7c659 -> 
  custom:container-demuxer-ogg: 62fdf1f143b41e24485cea50d1cbac27 -> 
  custom:video-decoder-webm-vp8: 9c59270c3fd7afecdb556c50c9e8de78 -> 
  custom:audio-decoder-ogg-vorbis: bf7c407c2cedff20999df2af8eb42d56 -> 
========================================================================
Received Import Request.
  Time since last request: 184.328934 seconds.
  path: Assets/_FD/Sprite/Enemy/Evil Wolf/skeleton-Attack_00.png
  artifactKey: Guid(7b1e72d2e410edf408408ff90ffcfe3a) Importer(815301076,1909f56bfc062723c751e8b465ee728b)
Number of updated assets reloaded before import = 0
Start importing Assets/_FD/Sprite/Enemy/Evil Wolf/skeleton-Attack_00.png using Guid(7b1e72d2e410edf408408ff90ffcfe3a) Importer(815301076,1909f56bfc062723c751e8b465ee728b)  -> (artifact id: '5ad8ec85e4fbdf7e3e2b59dae103188a') in 0.119536 seconds 
Number of asset objects unloaded after import = 3
========================================================================
Received Import Request.
  Time since last request: 0.218589 seconds.
  path: Assets/_FD/Sprite/Enemy/Undead warrior/skeleton-Attack_00.png
  artifactKey: Guid(b5cbceb91fe8a5f45915b3b764958803) Importer(815301076,1909f56bfc062723c751e8b465ee728b)
Number of updated assets reloaded before import = 0
Start importing Assets/_FD/Sprite/Enemy/Undead warrior/skeleton-Attack_00.png using Guid(b5cbceb91fe8a5f45915b3b764958803) Importer(815301076,1909f56bfc062723c751e8b465ee728b)  -> (artifact id: '96fffd884975389b25b755438e0ee05e') in 0.019040 seconds 
Number of asset objects unloaded after import = 3
========================================================================
Received Import Request.
  Time since last request: 0.000023 seconds.
  path: Assets/_FD/Sprite/Enemy/Mini Gunner/skeleton-Attack_00.png
  artifactKey: Guid(76140b08350714a449def1b68989669d) Importer(815301076,1909f56bfc062723c751e8b465ee728b)
Number of updated assets reloaded before import = 0
Start importing Assets/_FD/Sprite/Enemy/Mini Gunner/skeleton-Attack_00.png using Guid(76140b08350714a449def1b68989669d) Importer(815301076,1909f56bfc062723c751e8b465ee728b)  -> (artifact id: 'b1e91db2541b06abc65846c1236fd08c') in 0.014838 seconds 
Number of asset objects unloaded after import = 3
========================================================================
Received Import Request.
  Time since last request: 0.063278 seconds.
  path: Assets/_FD/Sprite/Enemy/Hunman warrior/skeleton-Attack_00.png
  artifactKey: Guid(254d3ffcf454d1144ab034b1ad9d497c) Importer(815301076,1909f56bfc062723c751e8b465ee728b)
Number of updated assets reloaded before import = 0
Start importing Assets/_FD/Sprite/Enemy/Hunman warrior/skeleton-Attack_00.png using Guid(254d3ffcf454d1144ab034b1ad9d497c) Importer(815301076,1909f56bfc062723c751e8b465ee728b)  -> (artifact id: '30b44a92e59983d2e931b6d6c8c04691') in 0.034739 seconds 
Number of asset objects unloaded after import = 3
========================================================================
Received Import Request.
  Time since last request: 0.000020 seconds.
  path: Assets/_FD/Sprite/Enemy/Mini Warrior/skeleton-Attack_00.png
  artifactKey: Guid(57424c0f378bb144a87d9db2e9cf28b4) Importer(815301076,1909f56bfc062723c751e8b465ee728b)
Number of updated assets reloaded before import = 0
Start importing Assets/_FD/Sprite/Enemy/Mini Warrior/skeleton-Attack_00.png using Guid(57424c0f378bb144a87d9db2e9cf28b4) Importer(815301076,1909f56bfc062723c751e8b465ee728b)  -> (artifact id: 'd4661cf51f70f7d4d9df32f2979b69e7') in 0.015766 seconds 
Number of asset objects unloaded after import = 3
========================================================================
Received Import Request.
  Time since last request: 0.000018 seconds.
  path: Assets/_FD/Sprite/Enemy/Flying One Eye/skeleton-Attack_00.png
  artifactKey: Guid(354287c049303e4479896971b862a7d5) Importer(815301076,1909f56bfc062723c751e8b465ee728b)
Number of updated assets reloaded before import = 0
Start importing Assets/_FD/Sprite/Enemy/Flying One Eye/skeleton-Attack_00.png using Guid(354287c049303e4479896971b862a7d5) Importer(815301076,1909f56bfc062723c751e8b465ee728b)  -> (artifact id: 'c10c7bfd4bc503e92f0eabe61f80925c') in 0.014718 seconds 
Number of asset objects unloaded after import = 3
========================================================================
Received Import Request.
  Time since last request: 0.116716 seconds.
  path: Assets/_FD/Sprite/Enemy/Pig/skeleton-Attack_01.png
  artifactKey: Guid(767b96108674b854c85ebce160bb8efb) Importer(815301076,1909f56bfc062723c751e8b465ee728b)
Number of updated assets reloaded before import = 0
Start importing Assets/_FD/Sprite/Enemy/Pig/skeleton-Attack_01.png using Guid(767b96108674b854c85ebce160bb8efb) Importer(815301076,1909f56bfc062723c751e8b465ee728b)  -> (artifact id: '80633d00cb53c9e0c3485ece742ca636') in 0.051241 seconds 
Number of asset objects unloaded after import = 3
========================================================================
Received Import Request.
  Time since last request: 0.029901 seconds.
  path: Assets/_FD/Sprite/Enemy/Flying One Eye/skeleton-Attack_01.png
  artifactKey: Guid(13cfebbc7f4d92340b9a92778b968ef4) Importer(815301076,1909f56bfc062723c751e8b465ee728b)
Number of updated assets reloaded before import = 0
Start importing Assets/_FD/Sprite/Enemy/Flying One Eye/skeleton-Attack_01.png using Guid(13cfebbc7f4d92340b9a92778b968ef4) Importer(815301076,1909f56bfc062723c751e8b465ee728b)  -> (artifact id: '21a20904d7418c0e043dd6d282726b52') in 0.017035 seconds 
Number of asset objects unloaded after import = 3
========================================================================
Received Import Request.
  Time since last request: 0.131915 seconds.
  path: Assets/_FD/Sprite/Enemy/Mini Warrior/skeleton-Attack_01.png
  artifactKey: Guid(83c627540ccb6e543a7731577b0d9b7c) Importer(815301076,1909f56bfc062723c751e8b465ee728b)
Number of updated assets reloaded before import = 0
Start importing Assets/_FD/Sprite/Enemy/Mini Warrior/skeleton-Attack_01.png using Guid(83c627540ccb6e543a7731577b0d9b7c) Importer(815301076,1909f56bfc062723c751e8b465ee728b)  -> (artifact id: '8fc91c641bf2eafa9554243f1f55ec58') in 0.011243 seconds 
Number of asset objects unloaded after import = 3
========================================================================
Received Import Request.
  Time since last request: 0.047495 seconds.
  path: Assets/_FD/Sprite/Enemy/Viking Header/skeleton-Attack_01.png
  artifactKey: Guid(b0e1fce6096fc324398beb0cef57caea) Importer(815301076,1909f56bfc062723c751e8b465ee728b)
Number of updated assets reloaded before import = 0
Start importing Assets/_FD/Sprite/Enemy/Viking Header/skeleton-Attack_01.png using Guid(b0e1fce6096fc324398beb0cef57caea) Importer(815301076,1909f56bfc062723c751e8b465ee728b)  -> (artifact id: 'acf23c08e1ea56e8997c3bd91e6b670d') in 0.033284 seconds 
Number of asset objects unloaded after import = 3
========================================================================
Received Import Request.
  Time since last request: 0.138746 seconds.
  path: Assets/_FD/Sprite/Enemy/Throw Bomber/skeleton-Attack_1.png
  artifactKey: Guid(2e74ca1d39d51d040be32ee6e8016677) Importer(815301076,1909f56bfc062723c751e8b465ee728b)
Number of updated assets reloaded before import = 0
Start importing Assets/_FD/Sprite/Enemy/Throw Bomber/skeleton-Attack_1.png using Guid(2e74ca1d39d51d040be32ee6e8016677) Importer(815301076,1909f56bfc062723c751e8b465ee728b)  -> (artifact id: '2bf33b8f15b9abda6ed22e32c089c7f6') in 0.024675 seconds 
Number of asset objects unloaded after import = 3
========================================================================
Received Import Request.
  Time since last request: 0.000034 seconds.
  path: Assets/_FD/Sprite/Enemy/Evil Wolf/skeleton-Attack_02.png
  artifactKey: Guid(e447cc2812a465e4eb43d804b76e094e) Importer(815301076,1909f56bfc062723c751e8b465ee728b)
Number of updated assets reloaded before import = 0
Start importing Assets/_FD/Sprite/Enemy/Evil Wolf/skeleton-Attack_02.png using Guid(e447cc2812a465e4eb43d804b76e094e) Importer(815301076,1909f56bfc062723c751e8b465ee728b)  -> (artifact id: '9e97ebeba5cac4ab16063597e24f668e') in 0.023612 seconds 
Number of asset objects unloaded after import = 3
========================================================================
Received Import Request.
  Time since last request: 0.036580 seconds.
  path: Assets/_FD/Sprite/Enemy/Snail Raider/skeleton-Attack_02.png
  artifactKey: Guid(656ca837b29145b4a9583703110ab189) Importer(815301076,1909f56bfc062723c751e8b465ee728b)
Number of updated assets reloaded before import = 0
Start importing Assets/_FD/Sprite/Enemy/Snail Raider/skeleton-Attack_02.png using Guid(656ca837b29145b4a9583703110ab189) Importer(815301076,1909f56bfc062723c751e8b465ee728b)  -> (artifact id: '7afc08a5ffb6793c656e7585a138ba51') in 0.017466 seconds 
Number of asset objects unloaded after import = 3
========================================================================
Received Import Request.
  Time since last request: 0.000019 seconds.
  path: Assets/_FD/Sprite/Enemy/Undead warrior/skeleton-Attack_02.png
  artifactKey: Guid(d566767623a6b37419b89c61dd0cdc98) Importer(815301076,1909f56bfc062723c751e8b465ee728b)
Number of updated assets reloaded before import = 0
Start importing Assets/_FD/Sprite/Enemy/Undead warrior/skeleton-Attack_02.png using Guid(d566767623a6b37419b89c61dd0cdc98) Importer(815301076,1909f56bfc062723c751e8b465ee728b)  -> (artifact id: '23f8ed0495d87587cac9be57c73a04ed') in 0.013766 seconds 
Number of asset objects unloaded after import = 3
========================================================================
Received Import Request.
  Time since last request: 1.445615 seconds.
  path: Assets/_FD/Sprite/Enemy/Viking Header/skeleton-Attack_03.png
  artifactKey: Guid(119108b33d39d0f45abe5b0cc7eaa847) Importer(815301076,1909f56bfc062723c751e8b465ee728b)
Number of updated assets reloaded before import = 0
Start importing Assets/_FD/Sprite/Enemy/Viking Header/skeleton-Attack_03.png using Guid(119108b33d39d0f45abe5b0cc7eaa847) Importer(815301076,1909f56bfc062723c751e8b465ee728b)  -> (artifact id: '726a50c419047d736fd084aaba02be81') in 0.034455 seconds 
Number of asset objects unloaded after import = 3
========================================================================
Received Import Request.
  Time since last request: 0.000027 seconds.
  path: Assets/_FD/Sprite/Enemy/Pig/skeleton-Attack_03.png
  artifactKey: Guid(bad437f14d047fc49a3c572ed91bc63e) Importer(815301076,1909f56bfc062723c751e8b465ee728b)
Number of updated assets reloaded before import = 0
Start importing Assets/_FD/Sprite/Enemy/Pig/skeleton-Attack_03.png using Guid(bad437f14d047fc49a3c572ed91bc63e) Importer(815301076,1909f56bfc062723c751e8b465ee728b)  -> (artifact id: '97e7d37a42785f99004ed487015cf94f') in 0.037736 seconds 
Number of asset objects unloaded after import = 3
========================================================================
Received Import Request.
  Time since last request: 0.000027 seconds.
  path: Assets/_FD/Sprite/Enemy/Viking Header/skeleton-Attack_11.png
  artifactKey: Guid(5bc7ec6d34af5654b91f90cde6d816af) Importer(815301076,1909f56bfc062723c751e8b465ee728b)
Number of updated assets reloaded before import = 0
Start importing Assets/_FD/Sprite/Enemy/Viking Header/skeleton-Attack_11.png using Guid(5bc7ec6d34af5654b91f90cde6d816af) Importer(815301076,1909f56bfc062723c751e8b465ee728b)  -> (artifact id: '988cd96b9d763c4fe05eca1bd510e3bc') in 0.030995 seconds 
Number of asset objects unloaded after import = 3
========================================================================
Received Import Request.
  Time since last request: 0.000023 seconds.
  path: Assets/_FD/Sprite/Enemy/Flying One Eye/skeleton-Attack_03.png
  artifactKey: Guid(cefd7b76eca37f54a955daecb75cdbc4) Importer(815301076,1909f56bfc062723c751e8b465ee728b)
Number of updated assets reloaded before import = 0
Start importing Assets/_FD/Sprite/Enemy/Flying One Eye/skeleton-Attack_03.png using Guid(cefd7b76eca37f54a955daecb75cdbc4) Importer(815301076,1909f56bfc062723c751e8b465ee728b)  -> (artifact id: 'd79e611f4317418c29542c5fc87f2094') in 0.012432 seconds 
Number of asset objects unloaded after import = 3
========================================================================
Received Import Request.
  Time since last request: 0.000030 seconds.
  path: Assets/_FD/Sprite/Enemy/Viking Header/skeleton-Death_13.png
  artifactKey: Guid(3be30404e051aea48aac9057b7239001) Importer(815301076,1909f56bfc062723c751e8b465ee728b)
Number of updated assets reloaded before import = 0
Start importing Assets/_FD/Sprite/Enemy/Viking Header/skeleton-Death_13.png using Guid(3be30404e051aea48aac9057b7239001) Importer(815301076,1909f56bfc062723c751e8b465ee728b)  -> (artifact id: 'f38212c7d872c8c7590bdb47b4c8a6e8') in 0.032857 seconds 
Number of asset objects unloaded after import = 3
========================================================================
Received Import Request.
  Time since last request: 0.000020 seconds.
  path: Assets/_FD/Sprite/Enemy/Pig/skeleton-Attack_04.png
  artifactKey: Guid(3b7e15473a43d4c4db7aa65d5d87f245) Importer(815301076,1909f56bfc062723c751e8b465ee728b)
Number of updated assets reloaded before import = 0
Start importing Assets/_FD/Sprite/Enemy/Pig/skeleton-Attack_04.png using Guid(3b7e15473a43d4c4db7aa65d5d87f245) Importer(815301076,1909f56bfc062723c751e8b465ee728b)  -> (artifact id: '3ee6426535ca47eb261c9370afeef2a0') in 0.021805 seconds 
Number of asset objects unloaded after import = 3
========================================================================
Received Import Request.
  Time since last request: 0.000021 seconds.
  path: Assets/_FD/Sprite/Enemy/Evil Wolf/skeleton-GetFreez_0.png
  artifactKey: Guid(fc31cffe0c22fc64788be549c746200f) Importer(815301076,1909f56bfc062723c751e8b465ee728b)
Number of updated assets reloaded before import = 0
Start importing Assets/_FD/Sprite/Enemy/Evil Wolf/skeleton-GetFreez_0.png using Guid(fc31cffe0c22fc64788be549c746200f) Importer(815301076,1909f56bfc062723c751e8b465ee728b)  -> (artifact id: 'af8c586a265962a931c38534c92df1f9') in 0.021005 seconds 
Number of asset objects unloaded after import = 3
========================================================================
Received Import Request.
  Time since last request: 0.000021 seconds.
  path: Assets/_FD/Sprite/Enemy/Evil Wolf/skeleton-GetPoisoned_09.png
  artifactKey: Guid(a8e868685e8cc7841986cfbb0fe7ef41) Importer(815301076,1909f56bfc062723c751e8b465ee728b)
Number of updated assets reloaded before import = 0
Start importing Assets/_FD/Sprite/Enemy/Evil Wolf/skeleton-GetPoisoned_09.png using Guid(a8e868685e8cc7841986cfbb0fe7ef41) Importer(815301076,1909f56bfc062723c751e8b465ee728b)  -> (artifact id: 'a65273a476bc08b7a8e44f0deaf04861') in 0.023995 seconds 
Number of asset objects unloaded after import = 3
========================================================================
Received Import Request.
  Time since last request: 0.000029 seconds.
  path: Assets/_FD/Sprite/Enemy/Hunman warrior/skeleton-GetPoisoned_09.png
  artifactKey: Guid(cce8988ccc4746b4f9ebb913102f58d7) Importer(815301076,1909f56bfc062723c751e8b465ee728b)
Number of updated assets reloaded before import = 0
Start importing Assets/_FD/Sprite/Enemy/Hunman warrior/skeleton-GetPoisoned_09.png using Guid(cce8988ccc4746b4f9ebb913102f58d7) Importer(815301076,1909f56bfc062723c751e8b465ee728b)  -> (artifact id: '676ff35e1433f7c5201b15447b218f9d') in 0.018902 seconds 
Number of asset objects unloaded after import = 3
========================================================================
Received Import Request.
  Time since last request: 0.000022 seconds.
  path: Assets/_FD/Sprite/Enemy/Pig/skeleton-Attack_16.png
  artifactKey: Guid(388f97135ef875f43b92eb461d787903) Importer(815301076,1909f56bfc062723c751e8b465ee728b)
Number of updated assets reloaded before import = 0
Start importing Assets/_FD/Sprite/Enemy/Pig/skeleton-Attack_16.png using Guid(388f97135ef875f43b92eb461d787903) Importer(815301076,1909f56bfc062723c751e8b465ee728b)  -> (artifact id: '3aaaa9acdadf7d6be8a41b8ef0f4ec78') in 0.021122 seconds 
Number of asset objects unloaded after import = 3
========================================================================
Received Import Request.
  Time since last request: 0.000021 seconds.
  path: Assets/_FD/Sprite/Enemy/Mini Gunner/skeleton-GetFreez_0.png
  artifactKey: Guid(b6780ee12296a3a40bef649c86a29f66) Importer(815301076,1909f56bfc062723c751e8b465ee728b)
Number of updated assets reloaded before import = 0
Start importing Assets/_FD/Sprite/Enemy/Mini Gunner/skeleton-GetFreez_0.png using Guid(b6780ee12296a3a40bef649c86a29f66) Importer(815301076,1909f56bfc062723c751e8b465ee728b)  -> (artifact id: '92ef2474536e4e3c7f4104b2392353fb') in 0.014232 seconds 
Number of asset objects unloaded after import = 3
========================================================================
Received Import Request.
  Time since last request: 0.000021 seconds.
  path: Assets/_FD/Sprite/Enemy/Throw Bomber/skeleton-Attack_3.png
  artifactKey: Guid(f6a52bea4a160424287c613ca55e31f5) Importer(815301076,1909f56bfc062723c751e8b465ee728b)
Number of updated assets reloaded before import = 0
Start importing Assets/_FD/Sprite/Enemy/Throw Bomber/skeleton-Attack_3.png using Guid(f6a52bea4a160424287c613ca55e31f5) Importer(815301076,1909f56bfc062723c751e8b465ee728b)  -> (artifact id: '2a32445dcc61f750d4269cebd2328d2f') in 0.015340 seconds 
Number of asset objects unloaded after import = 3
========================================================================
Received Import Request.
  Time since last request: 0.000023 seconds.
  path: Assets/_FD/Sprite/Enemy/Mini Warrior/skeleton-Attack_15.png
  artifactKey: Guid(42cce215c6b422b469551f0152827a6a) Importer(815301076,1909f56bfc062723c751e8b465ee728b)
Number of updated assets reloaded before import = 0
Start importing Assets/_FD/Sprite/Enemy/Mini Warrior/skeleton-Attack_15.png using Guid(42cce215c6b422b469551f0152827a6a) Importer(815301076,1909f56bfc062723c751e8b465ee728b)  -> (artifact id: '6236480619277b449019f384d917f946') in 0.013685 seconds 
Number of asset objects unloaded after import = 3
========================================================================
Received Import Request.
  Time since last request: 0.000026 seconds.
  path: Assets/_FD/Sprite/Enemy/Evil Wolf/skeleton-Attack_16.png
  artifactKey: Guid(b1a9472e126398149a58c530bab53af3) Importer(815301076,1909f56bfc062723c751e8b465ee728b)
Number of updated assets reloaded before import = 0
Start importing Assets/_FD/Sprite/Enemy/Evil Wolf/skeleton-Attack_16.png using Guid(b1a9472e126398149a58c530bab53af3) Importer(815301076,1909f56bfc062723c751e8b465ee728b)  -> (artifact id: '02da6043a04a2ec70e974bd10103b367') in 0.029937 seconds 
Number of asset objects unloaded after import = 3
========================================================================
Received Import Request.
  Time since last request: 0.000032 seconds.
  path: Assets/_FD/Sprite/Enemy/Mini Gunner/skeleton-Death_12.png
  artifactKey: Guid(4db66d46cf3ae3749af9982bc5937598) Importer(815301076,1909f56bfc062723c751e8b465ee728b)
Number of updated assets reloaded before import = 0
Start importing Assets/_FD/Sprite/Enemy/Mini Gunner/skeleton-Death_12.png using Guid(4db66d46cf3ae3749af9982bc5937598) Importer(815301076,1909f56bfc062723c751e8b465ee728b)  -> (artifact id: 'c1ca532134565a8420f223f017b64632') in 0.019886 seconds 
Number of asset objects unloaded after import = 3
========================================================================
Received Import Request.
  Time since last request: 0.000020 seconds.
  path: Assets/_FD/Sprite/Enemy/Big Warrior Man/skeleton-Death_13.png
  artifactKey: Guid(b4940e2704d1b4a4caee10e3010960bc) Importer(815301076,1909f56bfc062723c751e8b465ee728b)
Number of updated assets reloaded before import = 0
Start importing Assets/_FD/Sprite/Enemy/Big Warrior Man/skeleton-Death_13.png using Guid(b4940e2704d1b4a4caee10e3010960bc) Importer(815301076,1909f56bfc062723c751e8b465ee728b)  -> (artifact id: '71d34337a0f627719d882be6dcda93a4') in 0.032288 seconds 
Number of asset objects unloaded after import = 3
========================================================================
Received Import Request.
  Time since last request: 0.000022 seconds.
  path: Assets/_FD/Sprite/Enemy/Big Warrior Man/skeleton-GetPoisoned_09.png
  artifactKey: Guid(0569ec0112d8c6647a37f1cacbfe28dc) Importer(815301076,1909f56bfc062723c751e8b465ee728b)
Number of updated assets reloaded before import = 0
Start importing Assets/_FD/Sprite/Enemy/Big Warrior Man/skeleton-GetPoisoned_09.png using Guid(0569ec0112d8c6647a37f1cacbfe28dc) Importer(815301076,1909f56bfc062723c751e8b465ee728b)  -> (artifact id: 'c63d15224486ebda2f947136c9048197') in 0.024887 seconds 
Number of asset objects unloaded after import = 3
========================================================================
Received Import Request.
  Time since last request: 0.000021 seconds.
  path: Assets/_FD/Sprite/Enemy/Viking Header/skeleton-Attack_15.png
  artifactKey: Guid(dd9c821b00a586c4d894408ba44a057c) Importer(815301076,1909f56bfc062723c751e8b465ee728b)
Number of updated assets reloaded before import = 0
Start importing Assets/_FD/Sprite/Enemy/Viking Header/skeleton-Attack_15.png using Guid(dd9c821b00a586c4d894408ba44a057c) Importer(815301076,1909f56bfc062723c751e8b465ee728b)  -> (artifact id: 'a8bc9ef7a775073e277abb0a989d8f37') in 0.033402 seconds 
Number of asset objects unloaded after import = 3
========================================================================
Received Import Request.
  Time since last request: 0.000020 seconds.
  path: Assets/_FD/Sprite/Enemy/Evil Wolf/skeleton-Death_12.png
  artifactKey: Guid(6ac9fc9c9af413c409d4efaa096542d5) Importer(815301076,1909f56bfc062723c751e8b465ee728b)
Number of updated assets reloaded before import = 0
Start importing Assets/_FD/Sprite/Enemy/Evil Wolf/skeleton-Death_12.png using Guid(6ac9fc9c9af413c409d4efaa096542d5) Importer(815301076,1909f56bfc062723c751e8b465ee728b)  -> (artifact id: '3e7886c0ef380267291643a9675140f8') in 0.030853 seconds 
Number of asset objects unloaded after import = 3
========================================================================
Received Import Request.
  Time since last request: 0.000023 seconds.
  path: Assets/_FD/Sprite/Enemy/Snail Raider/skeleton-GetPoisoned_09.png
  artifactKey: Guid(241641a35efb2e740a8f0885bcacebeb) Importer(815301076,1909f56bfc062723c751e8b465ee728b)
Number of updated assets reloaded before import = 0
Start importing Assets/_FD/Sprite/Enemy/Snail Raider/skeleton-GetPoisoned_09.png using Guid(241641a35efb2e740a8f0885bcacebeb) Importer(815301076,1909f56bfc062723c751e8b465ee728b)  -> (artifact id: '5424ea1dbef246815eb8d8e84e001e8e') in 0.017439 seconds 
Number of asset objects unloaded after import = 3
========================================================================
Received Import Request.
  Time since last request: 0.000019 seconds.
  path: Assets/_FD/Sprite/Enemy/Pig/skeleton-Attack_15.png
  artifactKey: Guid(17edfc09d6c1f6f429fd8f08214baf67) Importer(815301076,1909f56bfc062723c751e8b465ee728b)
Number of updated assets reloaded before import = 0
Start importing Assets/_FD/Sprite/Enemy/Pig/skeleton-Attack_15.png using Guid(17edfc09d6c1f6f429fd8f08214baf67) Importer(815301076,1909f56bfc062723c751e8b465ee728b)  -> (artifact id: 'a70ff0f9191d4cca8ee0956a621bb299') in 0.024547 seconds 
Number of asset objects unloaded after import = 3
========================================================================
Received Import Request.
  Time since last request: 0.000022 seconds.
  path: Assets/_FD/Sprite/Enemy/Hunman warrior/skeleton-Attack_16.png
  artifactKey: Guid(2299821903fc77347ac0977073ba6edf) Importer(815301076,1909f56bfc062723c751e8b465ee728b)
Number of updated assets reloaded before import = 0
Start importing Assets/_FD/Sprite/Enemy/Hunman warrior/skeleton-Attack_16.png using Guid(2299821903fc77347ac0977073ba6edf) Importer(815301076,1909f56bfc062723c751e8b465ee728b)  -> (artifact id: '764ae4f5ecc79ee5de27a8110de4572d') in 0.014520 seconds 
Number of asset objects unloaded after import = 3
Editor requested this worker to shutdown with reason: Scaling down because of idle timeout
AssetImportWorker is now disconnected from the server
Process exiting
Exiting without the bug reporter. Application will terminate with return code 0